<?xml version="1.0" encoding="UTF-8"?>
<testsuite xmlns:xsi="http://www.w3.org/2001/XMLSchema-instance" xsi:noNamespaceSchemaLocation="https://maven.apache.org/surefire/maven-surefire-plugin/xsd/surefire-test-report.xsd" name="selenium.ExampleSeleniumTest" time="153.301" tests="32" errors="0" skipped="0" failures="4">
  <properties>
[...]
</properties>
  <testcase name="TC10_1" classname="selenium.ExampleSeleniumTest" time="6.422"/>
  <testcase name="testF6positive" classname="selenium.ExampleSeleniumTest" time="4.903"/>
  <testcase name="testF6negative" classname="selenium.ExampleSeleniumTest" time="4.646"/>
  <testcase name="testF1positive" classname="selenium.ExampleSeleniumTest" time="6.072"/>
  <testcase name="testF1negative" classname="selenium.ExampleSeleniumTest" time="5.013">
    <failure message="expected: &lt;Successfully&gt; but was: &lt;Validation&gt;" type="org.opentest4j.AssertionFailedError"><![CDATA[org.opentest4j.AssertionFailedError: expected: <Successfully> but was: <Validation>
	at selenium.ExampleSeleniumTest.testF1negative(ExampleSeleniumTest.java:169)
]]></failure>
    <system-err><![CDATA[Starting ChromeDriver 91.0.4472.101 (af52a90bf87030dd1523486a1cd3ae25c5d76c9b-refs/branch-heads/4472@{#1462}) on port 24970
Only local connections are allowed.
Please see https://chromedriver.chromium.org/security-considerations for suggestions on keeping ChromeDriver safe.
ChromeDriver was started successfully.
Jul. 20, 2021 10:46:51 P.M. org.openqa.selenium.remote.ProtocolHandshake createSession
INFO: Detected dialect: W3C
Jul. 20, 2021 10:46:54 P.M. org.openqa.selenium.interactions.Actions moveToElement
INFO: When using the W3C Action commands, offsets are from the center of element
]]></system-err>
  </testcase>
  <testcase name="testF8positive" classname="selenium.ExampleSeleniumTest" time="5.055"/>
  <testcase name="testF8negative" classname="selenium.ExampleSeleniumTest" time="4.025"/>
  <testcase name="testF3positive" classname="selenium.ExampleSeleniumTest" time="4.199"/>
  <testcase name="testF3negative" classname="selenium.ExampleSeleniumTest" time="4.227"/>
  <testcase name="TC1_1" classname="selenium.ExampleSeleniumTest" time="4.199"/>
  <testcase name="TC1_2" classname="selenium.ExampleSeleniumTest" time="4.552"/>
  <testcase name="TC2_1" classname="selenium.ExampleSeleniumTest" time="4.536"/>
  <testcase name="TC3_1" classname="selenium.ExampleSeleniumTest" time="5.05"/>
  <testcase name="TC3_2" classname="selenium.ExampleSeleniumTest" time="5.37"/>
  <testcase name="TC3_3" classname="selenium.ExampleSeleniumTest" time="4.67">
    <failure message="expected: &lt;Book with same id already exist&gt; but was: &lt;Successfully added book&gt;" type="org.opentest4j.AssertionFailedError"><![CDATA[org.opentest4j.AssertionFailedError: expected: <Book with same id already exist> but was: <Successfully added book>
	at selenium.ExampleSeleniumTest.TC3_3(ExampleSeleniumTest.java:539)
]]></failure>
    <system-err><![CDATA[Starting ChromeDriver 91.0.4472.101 (af52a90bf87030dd1523486a1cd3ae25c5d76c9b-refs/branch-heads/4472@{#1462}) on port 6347
Only local connections are allowed.
Please see https://chromedriver.chromium.org/security-considerations for suggestions on keeping ChromeDriver safe.
ChromeDriver was started successfully.
Jul. 20, 2021 10:47:37 P.M. org.openqa.selenium.remote.ProtocolHandshake createSession
INFO: Detected dialect: W3C
]]></system-err>
  </testcase>
  <testcase name="TC4_1" classname="selenium.ExampleSeleniumTest" time="4.132"/>
  <testcase name="TC4_2" classname="selenium.ExampleSeleniumTest" time="5.176"/>
  <testcase name="TC4_3" classname="selenium.ExampleSeleniumTest" time="4.811"/>
  <testcase name="TC6_1" classname="selenium.ExampleSeleniumTest" time="4.958"/>
  <testcase name="TC6_2" classname="selenium.ExampleSeleniumTest" time="8.676"/>
  <testcase name="TC8_1" classname="selenium.ExampleSeleniumTest" time="4.607">
    <failure message="expected: &lt;$39.95&gt; but was: &lt;$79.90&gt;" type="org.opentest4j.AssertionFailedError"><![CDATA[org.opentest4j.AssertionFailedError: expected: <$39.95> but was: <$79.90>
	at selenium.ExampleSeleniumTest.TC8_1(ExampleSeleniumTest.java:703)
]]></failure>
    <system-err><![CDATA[Starting ChromeDriver 91.0.4472.101 (af52a90bf87030dd1523486a1cd3ae25c5d76c9b-refs/branch-heads/4472@{#1462}) on port 44556
Only local connections are allowed.
Please see https://chromedriver.chromium.org/security-considerations for suggestions on keeping ChromeDriver safe.
ChromeDriver was started successfully.
Jul. 20, 2021 10:48:09 P.M. org.openqa.selenium.remote.ProtocolHandshake createSession
INFO: Detected dialect: W3C
]]></system-err>
  </testcase>
  <testcase name="TC8_2" classname="selenium.ExampleSeleniumTest" time="4.424"/>
  <testcase name="test1" classname="selenium.ExampleSeleniumTest" time="3.961"/>
  <testcase name="test2" classname="selenium.ExampleSeleniumTest" time="5.114"/>
  <testcase name="testF5positive" classname="selenium.ExampleSeleniumTest" time="4.48"/>
  <testcase name="testF5negative" classname="selenium.ExampleSeleniumTest" time="4.542"/>
  <testcase name="testF7positive" classname="selenium.ExampleSeleniumTest" time="4.511"/>
  <testcase name="testF7negative" classname="selenium.ExampleSeleniumTest" time="4.289"/>
  <testcase name="testF2positive" classname="selenium.ExampleSeleniumTest" time="4.481"/>
  <testcase name="testF2negative" classname="selenium.ExampleSeleniumTest" time="3.953">
    <failure message="expected: &lt;We&gt; but was: &lt;Sorry&gt;" type="org.opentest4j.AssertionFailedError"><![CDATA[org.opentest4j.AssertionFailedError: expected: <We> but was: <Sorry>
	at selenium.ExampleSeleniumTest.testF2negative(ExampleSeleniumTest.java:196)
]]></failure>
    <system-err><![CDATA[Starting ChromeDriver 91.0.4472.101 (af52a90bf87030dd1523486a1cd3ae25c5d76c9b-refs/branch-heads/4472@{#1462}) on port 25138
Only local connections are allowed.
Please see https://chromedriver.chromium.org/security-considerations for suggestions on keeping ChromeDriver safe.
ChromeDriver was started successfully.
Jul. 20, 2021 10:48:50 P.M. org.openqa.selenium.remote.ProtocolHandshake createSession
INFO: Detected dialect: W3C
]]></system-err>
  </testcase>
  <testcase name="testF4positive" classname="selenium.ExampleSeleniumTest" time="4.087"/>
  <testcase name="testF4negative" classname="selenium.ExampleSeleniumTest" time="4.122"/>
</testsuite>